{
  "RSpec": {
    "coverage": {
      "/home/briecoyle/code/labs/tic-tac-toe-rb-kwk-000/lib/tic_tac_toe.rb": [
        1,
        null,
        null,
        null,
        null,
        null,
        null,
        null,
        null,
        null,
        null,
        1,
        null,
        1,
        19,
        19,
        19,
        19,
        19,
        null,
        null,
        1,
        7684,
        null,
        null,
        1,
        19,
        null,
        null,
        1,
        7781,
        null,
        null,
        1,
        7684,
        null,
        null,
        1,
        7703,
        7703,
        null,
        null,
        1,
        7685,
        7684,
        7684,
        7684,
        7684,
        7684,
        19,
        19,
        null,
        7665,
        null,
        null,
        null,
        1,
        7703,
        7703,
        69327,
        23053,
        null,
        null,
        7703,
        null,
        null,
        null,
        null,
        1,
        39,
        null,
        236,
        null,
        null,
        null,
        null,
        1,
        109,
        null,
        null,
        1,
        11,
        null,
        null,
        1,
        20,
        null,
        null,
        1,
        4,
        4,
        null,
        null,
        null,
        null,
        1,
        12,
        20,
        null,
        null,
        11,
        2,
        9,
        5,
        null,
        null,
        null
      ]
    },
    "timestamp": 1469343047
  }
}
