{
  "RSpec": {
    "coverage": {
      "/home/briecoyle/code/labs/tic-tac-toe-rb-kwk-000/lib/tic_tac_toe.rb": [
        1,
        null,
        null,
        null,
        null,
        null,
        null,
        null,
        null,
        null,
        null,
        1,
        null,
        1,
        12,
        12,
        12,
        12,
        12,
        null,
        null,
        1,
        13576,
        null,
        null,
        1,
        12,
        null,
        null,
        1,
        40749,
        null,
        null,
        1,
        13576,
        null,
        null,
        1,
        13588,
        13588,
        null,
        null,
        1,
        13576,
        13576,
        13576,
        13576,
        13576,
        13576,
        12,
        12,
        13564,
        13561,
        null,
        2,
        null,
        null,
        null,
        1,
        13588,
        13588,
        122292,
        40708,
        null,
        null,
        13588,
        null,
        null,
        null,
        null,
        1,
        13573,
        null,
        108584,
        null,
        null,
        null,
        null,
        1,
        67839,
        null,
        null,
        1,
        5,
        null,
        null,
        1,
        13568,
        null,
        null,
        1,
        0,
        0,
        null,
        null,
        null,
        null,
        1,
        6,
        13574,
        null,
        5,
        0,
        5,
        1,
        null,
        null
      ]
    },
    "timestamp": 1469411704
  }
}
